[1.372s] Invoking command in '/home/vboxuser/P4-Project/src/py_pubsub': PYTHONPATH=/home/vboxuser/P4-Project/build/py_pubsub/prefix_override:/usr/lib/python3/dist-packages/colcon_core/task/python/colcon_distutils_commands:/home/vboxuser/P4-Project/install/py_pubsub/lib/python3.12/site-packages:${PYTHONPATH} /usr/bin/python3 -W ignore:setup.py install is deprecated -W ignore:easy_install command is deprecated setup.py egg_info --egg-base ../../build/py_pubsub build --build-base /home/vboxuser/P4-Project/build/py_pubsub/build install --record /home/vboxuser/P4-Project/build/py_pubsub/install.log --single-version-externally-managed install_data
[1.667s] running egg_info
[1.667s] creating ../../build/py_pubsub/py_pubsub.egg-info
[1.688s] writing ../../build/py_pubsub/py_pubsub.egg-info/PKG-INFO
[1.689s] writing dependency_links to ../../build/py_pubsub/py_pubsub.egg-info/dependency_links.txt
[1.689s] writing entry points to ../../build/py_pubsub/py_pubsub.egg-info/entry_points.txt
[1.690s] writing requirements to ../../build/py_pubsub/py_pubsub.egg-info/requires.txt
[1.690s] writing top-level names to ../../build/py_pubsub/py_pubsub.egg-info/top_level.txt
[1.690s] writing manifest file '../../build/py_pubsub/py_pubsub.egg-info/SOURCES.txt'
[1.736s] reading manifest file '../../build/py_pubsub/py_pubsub.egg-info/SOURCES.txt'
[1.736s] adding license file 'LICENSE'
[1.737s] writing manifest file '../../build/py_pubsub/py_pubsub.egg-info/SOURCES.txt'
[1.737s] running build
[1.737s] running build_py
[1.737s] creating /home/vboxuser/P4-Project/build/py_pubsub/build
[1.738s] creating /home/vboxuser/P4-Project/build/py_pubsub/build/lib
[1.738s] creating /home/vboxuser/P4-Project/build/py_pubsub/build/lib/py_pubsub
[1.738s] copying py_pubsub/publisher_member_function.py -> /home/vboxuser/P4-Project/build/py_pubsub/build/lib/py_pubsub
[1.745s] copying py_pubsub/subscriber_member_function.py -> /home/vboxuser/P4-Project/build/py_pubsub/build/lib/py_pubsub
[1.745s] copying py_pubsub/__init__.py -> /home/vboxuser/P4-Project/build/py_pubsub/build/lib/py_pubsub
[1.745s] running install
[1.751s] running install_lib
[1.772s] creating /home/vboxuser/P4-Project/install/py_pubsub/lib/python3.12/site-packages/py_pubsub
[1.772s] copying /home/vboxuser/P4-Project/build/py_pubsub/build/lib/py_pubsub/publisher_member_function.py -> /home/vboxuser/P4-Project/install/py_pubsub/lib/python3.12/site-packages/py_pubsub
[1.773s] copying /home/vboxuser/P4-Project/build/py_pubsub/build/lib/py_pubsub/subscriber_member_function.py -> /home/vboxuser/P4-Project/install/py_pubsub/lib/python3.12/site-packages/py_pubsub
[1.773s] copying /home/vboxuser/P4-Project/build/py_pubsub/build/lib/py_pubsub/__init__.py -> /home/vboxuser/P4-Project/install/py_pubsub/lib/python3.12/site-packages/py_pubsub
[1.773s] byte-compiling /home/vboxuser/P4-Project/install/py_pubsub/lib/python3.12/site-packages/py_pubsub/publisher_member_function.py to publisher_member_function.cpython-312.pyc
[1.774s] byte-compiling /home/vboxuser/P4-Project/install/py_pubsub/lib/python3.12/site-packages/py_pubsub/subscriber_member_function.py to subscriber_member_function.cpython-312.pyc
[1.775s] byte-compiling /home/vboxuser/P4-Project/install/py_pubsub/lib/python3.12/site-packages/py_pubsub/__init__.py to __init__.cpython-312.pyc
[1.775s] running install_data
[1.775s] creating /home/vboxuser/P4-Project/install/py_pubsub/share/ament_index
[1.775s] creating /home/vboxuser/P4-Project/install/py_pubsub/share/ament_index/resource_index
[1.776s] creating /home/vboxuser/P4-Project/install/py_pubsub/share/ament_index/resource_index/packages
[1.776s] copying resource/py_pubsub -> /home/vboxuser/P4-Project/install/py_pubsub/share/ament_index/resource_index/packages
[1.776s] copying package.xml -> /home/vboxuser/P4-Project/install/py_pubsub/share/py_pubsub
[1.776s] running install_egg_info
[1.798s] Copying ../../build/py_pubsub/py_pubsub.egg-info to /home/vboxuser/P4-Project/install/py_pubsub/lib/python3.12/site-packages/py_pubsub-0.0.0-py3.12.egg-info
[1.799s] running install_scripts
[1.950s] Installing listener script to /home/vboxuser/P4-Project/install/py_pubsub/lib/py_pubsub
[1.951s] Installing talker script to /home/vboxuser/P4-Project/install/py_pubsub/lib/py_pubsub
[1.951s] writing list of installed files to '/home/vboxuser/P4-Project/build/py_pubsub/install.log'
[1.984s] Invoked command in '/home/vboxuser/P4-Project/src/py_pubsub' returned '0': PYTHONPATH=/home/vboxuser/P4-Project/build/py_pubsub/prefix_override:/usr/lib/python3/dist-packages/colcon_core/task/python/colcon_distutils_commands:/home/vboxuser/P4-Project/install/py_pubsub/lib/python3.12/site-packages:${PYTHONPATH} /usr/bin/python3 -W ignore:setup.py install is deprecated -W ignore:easy_install command is deprecated setup.py egg_info --egg-base ../../build/py_pubsub build --build-base /home/vboxuser/P4-Project/build/py_pubsub/build install --record /home/vboxuser/P4-Project/build/py_pubsub/install.log --single-version-externally-managed install_data
